/System/Library/Java/JavaVirtualMachines/1.6.0.jdk/Contents/Home/bin/java -Didea.launcher.port=7536 "-Didea.launcher.bin.path=/Applications/IntelliJ IDEA 12.app/bin" -Dfile.encoding=UTF-8 -classpath "/System/Library/Java/JavaVirtualMachines/1.6.0.jdk/Contents/Home/lib/deploy.jar:/System/Library/Java/JavaVirtualMachines/1.6.0.jdk/Contents/Home/lib/dt.jar:/System/Library/Java/JavaVirtualMachines/1.6.0.jdk/Contents/Home/lib/javaws.jar:/System/Library/Java/JavaVirtualMachines/1.6.0.jdk/Contents/Home/lib/jce.jar:/System/Library/Java/JavaVirtualMachines/1.6.0.jdk/Contents/Home/lib/jconsole.jar:/System/Library/Java/JavaVirtualMachines/1.6.0.jdk/Contents/Home/lib/management-agent.jar:/System/Library/Java/JavaVirtualMachines/1.6.0.jdk/Contents/Home/lib/plugin.jar:/System/Library/Java/JavaVirtualMachines/1.6.0.jdk/Contents/Home/lib/sa-jdi.jar:/System/Library/Java/JavaVirtualMachines/1.6.0.jdk/Contents/Classes/charsets.jar:/System/Library/Java/JavaVirtualMachines/1.6.0.jdk/Contents/Classes/classes.jar:/System/Library/Java/JavaVirtualMachines/1.6.0.jdk/Contents/Classes/jsse.jar:/System/Library/Java/JavaVirtualMachines/1.6.0.jdk/Contents/Classes/ui.jar:/System/Library/Java/JavaVirtualMachines/1.6.0.jdk/Contents/Home/lib/ext/apple_provider.jar:/System/Library/Java/JavaVirtualMachines/1.6.0.jdk/Contents/Home/lib/ext/dnsns.jar:/System/Library/Java/JavaVirtualMachines/1.6.0.jdk/Contents/Home/lib/ext/localedata.jar:/System/Library/Java/JavaVirtualMachines/1.6.0.jdk/Contents/Home/lib/ext/sunjce_provider.jar:/System/Library/Java/JavaVirtualMachines/1.6.0.jdk/Contents/Home/lib/ext/sunpkcs11.jar:/Users/air0day/Projects/metaheuristics-engine/out/production/metaheuristics-engine:/Users/air0day/.gradle/caches/artifacts-23/filestore/org.codehaus.groovy/groovy-all/2.0.5/jar/caef1126e5358bf1327e8b4381a827da9accbb47/groovy-all-2.0.5.jar:/Users/air0day/.gradle/caches/artifacts-23/filestore/com.google.guava/guava/14.0/bundle/67b7be4ee7ba48e4828a42d6d5069761186d4a53/guava-14.0.jar:/Applications/IntelliJ IDEA 12.app/lib/idea_rt.jar" com.intellij.rt.execution.application.AppMain com.rodhilton.metaheuristics.GroovyRunner
RNG Seed: 1366305638180
1: 49/78
2: 54/78
3: 58/78
4: 61/78
5: 63/78
6: 65/78
7: 67/78
8: 68/78
9: 69/78
10: 71/78
11: 73/78
12: 74/78
13: 74/78
14: 75/78
15: 75/78
16: 75/78
17: 75/78
18: 75/78
19: 75/78
20: 76/78
21: 76/78
22: 76/78
23: 77/78
24: 77/78
25: 78/78
Rectangle Visibility Diagram on 13 rectangles with 78 edges in order (E,N,W,S):
 { 
   13: (0.98628225596886, 0.9194324917457849, 0.402076255852586, 0.4273574433134477)
   12: (0.6181780577992938, 0.6347605455594135, 0.28851182454375945, 0.5456545959112254)
   11: (0.8974921807618262, 0.7956663599598854, 0.14410003151628356, 0.27520275701555047)
   10: (0.899250657545167, 0.7204121980410538, 0.10110685632850248, 0.2935667868832449)
   09: (0.9867612159201903, 0.6210812967992165, 0.2395472693266346, 0.21827648903497754)
   08: (0.8739458866724755, 0.6388909065349648, 0.16270869592918946, 0.18058308236312748)
   07: (0.7584801274719896, 0.7387106787248712, 0.0450562823706044, 0.3833475729892294)
   06: (0.8587693216241515, 0.6661352357694413, 0.17362672951262725, 0.11360868031258708)
   05: (0.7755251635218426, 0.9282022996227277, 0.02730668906741529, 0.4651101882584058)
   04: (0.5914832493001922, 0.5640982106986981, 0.45926031987287574, 0.2436085577348005)
   03: (0.9336838135911109, 0.8678703441153268, 0.19212535446551426, 0.07027026054552765)
   02: (0.7835689517925735, 0.9421392877437182, 0.42614473805715647, 0.26125508060839153)
   01: (0.836977509184447, 0.7894325195947622, 0.43599488091907984, 0.39748154192187574)
 } 

1.00 |                                                                                                                                                                                     
0.99 |                                                                                                                                                                                     
0.98 |                                                                                                                                                                                     
0.97 |                                                                                                                                                                                     
0.96 |                                                                                                                                                                                     
0.94 |                                                                                                                                                                                     
0.93 |                                                                             O02——————————————————————————————————————————————————————————————.                                      
0.92 |     O05————————————————————————————————————————————————————————————————————————————————————————————————————————————————————————————————————. |                                      
0.91 |     |                                                                   O13——————————————————————————————————————————————————————————————————————————————————————————————————————.  
0.90 |     |                                                                   |   |                                                              | |                                   |  
0.89 |     |                                                                   |   |                                                              | |                                   |  
0.88 |     |                                                                   |   |                                                              | |                                   |  
0.87 |     |                             O03———————————————————————————————————|——————————————————————————————————————————————————————————————————|————————————————————————————.        |  
0.86 |     |                             |                                     |   |                                                              | |                          |        |  
0.84 |     |                             |                                     |   |                                                              | |                          |        |  
0.83 |     |                             |                                     |   |                                                              | |                          |        |  
0.82 |     |                             |                                     |   |                                                              | |                          |        |  
0.81 |     |                             |                                     |   |                                                              | |                          |        |  
0.80 |     |                             |                                     |   |                                                              | |                          |        |  
0.79 |     |                    O11————————————————————————————————————————————|————————————————————————————————————————————————————————————————————————————————————————.      |        |  
0.78 |     |                    |        |                                     |   | |                                                            | |        |          |      |        |  
0.77 |     |                    |        |                                     |   | |                                                            | |        |          |      |        |  
0.76 |     |                    |        |                                     |   | |                                                            | |        |          |      |        |  
0.74 |     |                    |        |                                     |   | |                                                            | |        |          |      |        |  
0.73 |     |   O07——————————————|——————————————————————————————————————————————|———————————————————————————————————————————————————————————————.  | |        |          |      |        |  
0.72 |     |   |                |        |                                     |   | |                                                         |  | |        |          |      |        |  
0.71 |     |   |         O10————|——————————————————————————————————————————————|————————————————————————————————————————————————————————————————————————————————————————|      |        |  
0.70 |     |   |         |      |        |                                     |   | |                                                         |  | |        |          |      |        |  
0.69 |     |   |         |      |        |                                     |   | |                                                         |  | |        |          |      |        |  
0.68 |     |   |         |      |        |                                     |   | |                                                         |  | |        |          |      |        |  
0.67 |     |   |         |      |        |                                     |   | |                                                         |  | |        |          |      |        |  
0.66 |     |   |         |      |     O06——————————————————————————————————————|———————————————————————————————————————————————————————————————|—————————————————.      |      |        |  
0.64 |     |   |         |      |     |  |                                     |   | |                                                         |  | |        |   |      |      |        |  
0.63 |     |   |         |      |   O08———————————————————O12——————————————————|——————————————————————————————————————.—————————————————————————————————————————————.   |      |        |  
0.62 |     |   |         |      |   | |  |                |                    |   | |                                |                        |  | |        |   |  |   |      |        |  
0.61 |     |   |         |      |   | |  |        O09—————|————————————————————|——————————————————————————————————————|—————————————————————————————————————————————————|———————————————|  
0.60 |     |   |         |      |   | |  |        |       |                    |   | |                                |                        |  | |        |   |  |   |      |        |  
0.59 |     |   |         |      |   | |  |        |       |                    |   | |                                |                        |  | |        |   |  |   |      |        |  
0.58 |     |   |         |      |   | |  |        |       |                    |   | |                                |                        |  | |        |   |  |   |      |        |  
0.57 |     |   |         |      |   | |  |        |       |                    |   | |                                |                        |  | |        |   |  |   |      |        |  
0.56 |     |   |         |      |   | |  |        |       |                    |   | |   O04—————————————————————.    |                        |  | |        |   |  |   |      |        |  
0.54 |     |   |         |      |   | |  |        |       '————————————————————|——————————————————————————————————————O                        |  | |        |   |  |   |      |        |  
0.53 |     |   |         |      |   | |  |        |                            |   | |   |                       |                             |  | |        |   |  |   |      |        |  
0.52 |     |   |         |      |   | |  |        |                            |   | |   |                       |                             |  | |        |   |  |   |      |        |  
0.51 |     |   |         |      |   | |  |        |                            |   | |   |                       |                             |  | |        |   |  |   |      |        |  
0.50 |     |   |         |      |   | |  |        |                            |   | |   |                       |                             |  | |        |   |  |   |      |        |  
0.49 |     |   |         |      |   | |  |        |                            |   | |   |                       |                             |  | |        |   |  |   |      |        |  
0.48 |     |   |         |      |   | |  |        |                            |   | |   |                       |                             |  | |        |   |  |   |      |        |  
0.47 |     |   |         |      |   | |  |        |                            |   | |   |                       |                             |  | |        |   |  |   |      |        |  
0.46 |     '———|—————————|——————|———|—|———————————|————————————————————————————|———————————————————————————————————————————————————————————————|——O |        |   |  |   |      |        |  
0.44 |         |         |      |   | |  |        |                            |   | |   |                       |                             |    |        |   |  |   |      |        |  
0.43 |         |         |      |   | |  |        |                            |   | |   |                       |                             |    |        |   |  |   |      |        |  
0.42 |         |         |      |   | |  |        |                            '————————————————————————————————————————————————————————————————————————————————————————————————————————O  
0.41 |         |         |      |   | |  |        |                                | |   |                       |                             |    |        |   |  |   |      |        |  
0.40 |         |         |      |   | |  |        |                                | |   |                       |                             |    |        |   |  |   |      |        |  
0.39 |         |         |      |   | |  |        |                                | '———|———————————————————————|—————————————————————————————|————|————————O   |  |   |      |        |  
0.38 |         '—————————|——————|———|—————————————|————————————————————————————————————————————————————————————————————————————————————————————O    |            |  |   |      |        |  
0.37 |                   |      |   | |  |        |                                |     |                       |                                  |            |  |   |      |        |  
0.36 |                   |      |   | |  |        |                                |     |                       |                                  |            |  |   |      |        |  
0.34 |                   |      |   | |  |        |                                |     |                       |                                  |            |  |   |      |        |  
0.33 |                   |      |   | |  |        |                                |     |                       |                                  |            |  |   |      |        |  
0.32 |                   |      |   | |  |        |                                |     |                       |                                  |            |  |   |      |        |  
0.31 |                   |      |   | |  |        |                                |     |                       |                                  |            |  |   |      |        |  
0.30 |                   |      |   | |  |        |                                |     |                       |                                  |            |  |   |      |        |  
0.29 |                   '——————|———————————————————————————————————————————————————————————————————————————————————————————————————————————————————————————————————————|      |        |  
0.28 |                          |   | |  |        |                                |     |                       |                                  |            |  |   |      |        |  
0.27 |                          '———————————————————————————————————————————————————————————————————————————————————————————————————————————————————————————————————————O      |        |  
0.26 |                              | |  |        |                                '—————|———————————————————————|——————————————————————————————————O            |  |          |        |  
0.24 |                              | |  |        |                                      |                       |                                               |  |          |        |  
0.23 |                              | |  |        |                                      '———————————————————————O                                               |  |          |        |  
0.22 |                              | |  |        |                                                                                                              |  |          |        |  
0.21 |                              | |  |        '—————————————————————————————————————————————————————————————————————————————————————————————————————————————————————————————————————O  
0.20 |                              | |  |                                                                                                                       |  |          |           
0.19 |                              | |  |                                                                                                                       |  |          |           
0.18 |                              '———————————————————————————————————————————————————————————————————————————————————————————————————————————————————————————————O          |           
0.17 |                                |  |                                                                                                                       |             |           
0.16 |                                |  |                                                                                                                       |             |           
0.14 |                                |  |                                                                                                                       |             |           
0.13 |                                |  |                                                                                                                       |             |           
0.12 |                                |  |                                                                                                                       |             |           
0.11 |                                '——————————————————————————————————————————————————————————————————————————————————————————————————————————————————————————O             |           
0.10 |                                   |                                                                                                                                     |           
0.09 |                                   |                                                                                                                                     |           
0.08 |                                   |                                                                                                                                     |           
0.07 |                                   '—————————————————————————————————————————————————————————————————————————————————————————————————————————————————————————————————————O           
0.06 |                                                                                                                                                                                     
0.04 |                                                                                                                                                                                     
0.03 |                                                                                                                                                                                     
0.02 |                                                                                                                                                                                     
0.01 |                                                                                                                                                                                     

written to /Users/air0day/Projects/metaheuristics-engine/Saved1.png
written to /Users/air0day/Projects/metaheuristics-engine/Saved2.png
written to /Users/air0day/Projects/metaheuristics-engine/Saved3.png
written to /Users/air0day/Projects/metaheuristics-engine/Saved4.png
written to /Users/air0day/Projects/metaheuristics-engine/Saved5.png
written to /Users/air0day/Projects/metaheuristics-engine/Saved6.png
written to /Users/air0day/Projects/metaheuristics-engine/Saved7.png
written to /Users/air0day/Projects/metaheuristics-engine/Saved8.png
written to /Users/air0day/Projects/metaheuristics-engine/Saved9.png
written to /Users/air0day/Projects/metaheuristics-engine/Saved10.png
written to /Users/air0day/Projects/metaheuristics-engine/Saved11.png
written to /Users/air0day/Projects/metaheuristics-engine/Saved12.png
written to /Users/air0day/Projects/metaheuristics-engine/Saved13.png

Process finished with exit code 0
